android-app/app/build/intermediates/manifest_merge_blame_file/debug/manifest-merger-blame-debug-report.txt
1<?xml version="1.0" encoding="utf-8"?>
2<manifest xmlns:android="http://schemas.android.com/apk/res/android"
3    package="com.nuuz.app"
4    android:versionCode="1"
5    android:versionName="1.0.0" >
6
7    <uses-sdk
8        android:minSdkVersion="24"
9        android:targetSdkVersion="34" />
10
11    <!-- Required permissions -->
12    <uses-permission android:name="android.permission.INTERNET" />
12-->src\main\AndroidManifest.xml:6:5-67
12-->src\main\AndroidManifest.xml:6:22-64
13    <uses-permission android:name="android.permission.ACCESS_NETWORK_STATE" />
13-->src\main\AndroidManifest.xml:7:5-79
13-->src\main\AndroidManifest.xml:7:22-76
14    <uses-permission android:name="com.google.android.gms.permission.AD_ID" />
14-->[com.google.android.gms:play-services-ads-lite:22.5.0] AndroidManifest.xml:26:5-79
14-->[com.google.android.gms:play-services-ads-lite:22.5.0] AndroidManifest.xml:26:22-76
15    <uses-permission android:name="android.permission.ACCESS_ADSERVICES_AD_ID" />
15-->[com.google.android.gms:play-services-ads-lite:22.5.0] AndroidManifest.xml:27:5-82
15-->[com.google.android.gms:play-services-ads-lite:22.5.0] AndroidManifest.xml:27:22-79
16    <uses-permission android:name="android.permission.ACCESS_ADSERVICES_ATTRIBUTION" />
16-->[com.google.android.gms:play-services-ads-lite:22.5.0] AndroidManifest.xml:28:5-88
16-->[com.google.android.gms:play-services-ads-lite:22.5.0] AndroidManifest.xml:28:22-85
17    <uses-permission android:name="android.permission.ACCESS_ADSERVICES_TOPICS" /> <!-- Android package visibility setting -->
17-->[com.google.android.gms:play-services-ads-lite:22.5.0] AndroidManifest.xml:29:5-83
17-->[com.google.android.gms:play-services-ads-lite:22.5.0] AndroidManifest.xml:29:22-80
18    <queries>
18-->[com.google.android.gms:play-services-ads-lite:22.5.0] AndroidManifest.xml:35:5-51:15
19
20        <!-- For browser content -->
21        <intent>
21-->[com.google.android.gms:play-services-ads-lite:22.5.0] AndroidManifest.xml:38:9-44:18
22            <action android:name="android.intent.action.VIEW" />
22-->src\main\AndroidManifest.xml:38:17-69
22-->src\main\AndroidManifest.xml:38:25-66
23
24            <category android:name="android.intent.category.BROWSABLE" />
24-->src\main\AndroidManifest.xml:40:17-78
24-->src\main\AndroidManifest.xml:40:27-75
25
26            <data android:scheme="https" />
26-->src\main\AndroidManifest.xml:41:17-95
26-->src\main\AndroidManifest.xml:41:23-45
27        </intent>
28        <!-- End of browser content -->
29        <!-- For CustomTabsService -->
30        <intent>
30-->[com.google.android.gms:play-services-ads-lite:22.5.0] AndroidManifest.xml:47:9-49:18
31            <action android:name="android.support.customtabs.action.CustomTabsService" />
31-->[com.google.android.gms:play-services-ads-lite:22.5.0] AndroidManifest.xml:48:13-90
31-->[com.google.android.gms:play-services-ads-lite:22.5.0] AndroidManifest.xml:48:21-87
32        </intent>
33        <!-- End of CustomTabsService -->
34    </queries>
35
36    <uses-permission android:name="android.permission.WAKE_LOCK" />
36-->[com.google.android.gms:play-services-measurement-sdk-api:20.1.2] AndroidManifest.xml:25:5-68
36-->[com.google.android.gms:play-services-measurement-sdk-api:20.1.2] AndroidManifest.xml:25:22-65
37    <uses-permission android:name="android.permission.FOREGROUND_SERVICE" />
37-->[androidx.work:work-runtime:2.7.0] AndroidManifest.xml:28:5-77
37-->[androidx.work:work-runtime:2.7.0] AndroidManifest.xml:28:22-74
38
39    <permission
39-->[androidx.core:core:1.12.0] AndroidManifest.xml:22:5-24:47
40        android:name="com.nuuz.app.DYNAMIC_RECEIVER_NOT_EXPORTED_PERMISSION"
40-->[androidx.core:core:1.12.0] AndroidManifest.xml:23:9-81
41        android:protectionLevel="signature" />
41-->[androidx.core:core:1.12.0] AndroidManifest.xml:24:9-44
42
43    <uses-permission android:name="com.nuuz.app.DYNAMIC_RECEIVER_NOT_EXPORTED_PERMISSION" />
43-->[androidx.core:core:1.12.0] AndroidManifest.xml:26:5-97
43-->[androidx.core:core:1.12.0] AndroidManifest.xml:26:22-94
44
45    <application
45-->src\main\AndroidManifest.xml:9:5-56:19
46        android:allowBackup="true"
46-->src\main\AndroidManifest.xml:10:9-35
47        android:appComponentFactory="androidx.core.app.CoreComponentFactory"
47-->[androidx.core:core:1.12.0] AndroidManifest.xml:28:18-86
48        android:debuggable="true"
49        android:extractNativeLibs="false"
50        android:icon="@mipmap/ic_launcher"
50-->src\main\AndroidManifest.xml:11:9-43
51        android:label="@string/app_name"
51-->src\main\AndroidManifest.xml:12:9-41
52        android:networkSecurityConfig="@xml/network_security_config"
52-->src\main\AndroidManifest.xml:16:9-69
53        android:supportsRtl="true"
53-->src\main\AndroidManifest.xml:13:9-35
54        android:theme="@style/Theme.Nuuz"
54-->src\main\AndroidManifest.xml:14:9-42
55        android:usesCleartextTraffic="false" >
55-->src\main\AndroidManifest.xml:15:9-45
56
57        <!-- AdMob App ID -->
58        <meta-data
59            android:name="com.google.android.gms.ads.APPLICATION_ID"
59-->src\main\AndroidManifest.xml:21:13-69
60            android:value="ca-app-pub-1594396899801208~7509886904" />
60-->src\main\AndroidManifest.xml:22:13-42
61
62        <!-- Main Activity -->
63        <activity
63-->src\main\AndroidManifest.xml:25:9-43:20
64            android:name="com.nuuz.app.MainActivity"
64-->src\main\AndroidManifest.xml:26:13-41
65            android:configChanges="orientation|screenSize|keyboardHidden"
65-->src\main\AndroidManifest.xml:28:13-74
66            android:exported="true"
66-->src\main\AndroidManifest.xml:27:13-36
67            android:launchMode="singleTask"
67-->src\main\AndroidManifest.xml:31:13-44
68            android:theme="@style/Theme.Nuuz"
68-->src\main\AndroidManifest.xml:29:13-46
69            android:windowSoftInputMode="adjustResize" >
69-->src\main\AndroidManifest.xml:30:13-55
70            <intent-filter>
70-->src\main\AndroidManifest.xml:32:13-35:29
71                <action android:name="android.intent.action.MAIN" />
71-->src\main\AndroidManifest.xml:33:17-69
71-->src\main\AndroidManifest.xml:33:25-66
72
73                <category android:name="android.intent.category.LAUNCHER" />
73-->src\main\AndroidManifest.xml:34:17-77
73-->src\main\AndroidManifest.xml:34:27-74
74            </intent-filter>
75            <!-- Deep link for OAuth callback -->
76            <intent-filter>
76-->src\main\AndroidManifest.xml:37:13-42:29
77                <action android:name="android.intent.action.VIEW" />
77-->src\main\AndroidManifest.xml:38:17-69
77-->src\main\AndroidManifest.xml:38:25-66
78
79                <category android:name="android.intent.category.DEFAULT" />
79-->src\main\AndroidManifest.xml:39:17-76
79-->src\main\AndroidManifest.xml:39:27-73
80                <category android:name="android.intent.category.BROWSABLE" />
80-->src\main\AndroidManifest.xml:40:17-78
80-->src\main\AndroidManifest.xml:40:27-75
81
82                <data
82-->src\main\AndroidManifest.xml:41:17-95
83                    android:host="cool-tartufo-a76644.netlify.app"
83-->src\main\AndroidManifest.xml:41:46-92
84                    android:scheme="https" />
84-->src\main\AndroidManifest.xml:41:23-45
85            </intent-filter>
86        </activity>
87
88        <!-- Splash Activity -->
89        <activity
89-->src\main\AndroidManifest.xml:46:9-54:20
90            android:name="com.nuuz.app.SplashActivity"
90-->src\main\AndroidManifest.xml:47:13-43
91            android:exported="true"
91-->src\main\AndroidManifest.xml:48:13-36
92            android:theme="@style/Theme.Nuuz.Splash" >
92-->src\main\AndroidManifest.xml:49:13-53
93            <intent-filter>
93-->src\main\AndroidManifest.xml:50:13-53:29
94                <action android:name="android.intent.action.VIEW" />
94-->src\main\AndroidManifest.xml:38:17-69
94-->src\main\AndroidManifest.xml:38:25-66
95
96                <category android:name="android.intent.category.DEFAULT" />
96-->src\main\AndroidManifest.xml:39:17-76
96-->src\main\AndroidManifest.xml:39:27-73
97            </intent-filter>
98        </activity>
99
100        <uses-library
100-->[androidx.privacysandbox.ads:ads-adservices:1.0.0-beta05] AndroidManifest.xml:23:9-25:40
101            android:name="android.ext.adservices"
101-->[androidx.privacysandbox.ads:ads-adservices:1.0.0-beta05] AndroidManifest.xml:24:13-50
102            android:required="false" /> <!-- Include the AdActivity and InAppPurchaseActivity configChanges and themes. -->
102-->[androidx.privacysandbox.ads:ads-adservices:1.0.0-beta05] AndroidManifest.xml:25:13-37
103        <activity
103-->[com.google.android.gms:play-services-ads-lite:22.5.0] AndroidManifest.xml:56:9-61:43
104            android:name="com.google.android.gms.ads.AdActivity"
104-->[com.google.android.gms:play-services-ads-lite:22.5.0] AndroidManifest.xml:57:13-65
105            android:configChanges="keyboard|keyboardHidden|orientation|screenLayout|uiMode|screenSize|smallestScreenSize"
105-->[com.google.android.gms:play-services-ads-lite:22.5.0] AndroidManifest.xml:58:13-122
106            android:exported="false"
106-->[com.google.android.gms:play-services-ads-lite:22.5.0] AndroidManifest.xml:59:13-37
107            android:theme="@android:style/Theme.Translucent" />
107-->[com.google.android.gms:play-services-ads-lite:22.5.0] AndroidManifest.xml:60:13-61
108
109        <provider
109-->[com.google.android.gms:play-services-ads-lite:22.5.0] AndroidManifest.xml:63:9-68:43
110            android:name="com.google.android.gms.ads.MobileAdsInitProvider"
110-->[com.google.android.gms:play-services-ads-lite:22.5.0] AndroidManifest.xml:64:13-76
111            android:authorities="com.nuuz.app.mobileadsinitprovider"
111-->[com.google.android.gms:play-services-ads-lite:22.5.0] AndroidManifest.xml:65:13-73
112            android:exported="false"
112-->[com.google.android.gms:play-services-ads-lite:22.5.0] AndroidManifest.xml:66:13-37
113            android:initOrder="100" />
113-->[com.google.android.gms:play-services-ads-lite:22.5.0] AndroidManifest.xml:67:13-36
114
115        <service
115-->[com.google.android.gms:play-services-ads-lite:22.5.0] AndroidManifest.xml:70:9-74:43
116            android:name="com.google.android.gms.ads.AdService"
116-->[com.google.android.gms:play-services-ads-lite:22.5.0] AndroidManifest.xml:71:13-64
117            android:enabled="true"
117-->[com.google.android.gms:play-services-ads-lite:22.5.0] AndroidManifest.xml:72:13-35
118            android:exported="false" />
118-->[com.google.android.gms:play-services-ads-lite:22.5.0] AndroidManifest.xml:73:13-37
119
120        <activity
120-->[com.google.android.gms:play-services-ads-lite:22.5.0] AndroidManifest.xml:76:9-80:43
121            android:name="com.google.android.gms.ads.OutOfContextTestingActivity"
121-->[com.google.android.gms:play-services-ads-lite:22.5.0] AndroidManifest.xml:77:13-82
122            android:configChanges="keyboard|keyboardHidden|orientation|screenLayout|uiMode|screenSize|smallestScreenSize"
122-->[com.google.android.gms:play-services-ads-lite:22.5.0] AndroidManifest.xml:78:13-122
123            android:exported="false" />
123-->[com.google.android.gms:play-services-ads-lite:22.5.0] AndroidManifest.xml:79:13-37
124
125        <property
125-->[com.google.android.gms:play-services-ads-lite:22.5.0] AndroidManifest.xml:82:9-84:62
126            android:name="android.adservices.AD_SERVICES_CONFIG"
126-->[com.google.android.gms:play-services-ads-lite:22.5.0] AndroidManifest.xml:83:13-65
127            android:resource="@xml/gma_ad_services_config" />
127-->[com.google.android.gms:play-services-ads-lite:22.5.0] AndroidManifest.xml:84:13-59
128
129        <activity
129-->[com.google.android.gms:play-services-base:18.0.0] AndroidManifest.xml:20:9-22:45
130            android:name="com.google.android.gms.common.api.GoogleApiActivity"
130-->[com.google.android.gms:play-services-base:18.0.0] AndroidManifest.xml:20:19-85
131            android:exported="false"
131-->[com.google.android.gms:play-services-base:18.0.0] AndroidManifest.xml:22:19-43
132            android:theme="@android:style/Theme.Translucent.NoTitleBar" />
132-->[com.google.android.gms:play-services-base:18.0.0] AndroidManifest.xml:21:19-78
133
134        <meta-data
134-->[com.google.android.gms:play-services-basement:18.2.0] AndroidManifest.xml:21:9-23:69
135            android:name="com.google.android.gms.version"
135-->[com.google.android.gms:play-services-basement:18.2.0] AndroidManifest.xml:22:13-58
136            android:value="@integer/google_play_services_version" />
136-->[com.google.android.gms:play-services-basement:18.2.0] AndroidManifest.xml:23:13-66
137
138        <provider
138-->[androidx.emoji2:emoji2:1.2.0] AndroidManifest.xml:24:9-32:20
139            android:name="androidx.startup.InitializationProvider"
139-->[androidx.emoji2:emoji2:1.2.0] AndroidManifest.xml:25:13-67
140            android:authorities="com.nuuz.app.androidx-startup"
140-->[androidx.emoji2:emoji2:1.2.0] AndroidManifest.xml:26:13-68
141            android:exported="false" >
141-->[androidx.emoji2:emoji2:1.2.0] AndroidManifest.xml:27:13-37
142            <meta-data
142-->[androidx.emoji2:emoji2:1.2.0] AndroidManifest.xml:29:13-31:52
143                android:name="androidx.emoji2.text.EmojiCompatInitializer"
143-->[androidx.emoji2:emoji2:1.2.0] AndroidManifest.xml:30:17-75
144                android:value="androidx.startup" />
144-->[androidx.emoji2:emoji2:1.2.0] AndroidManifest.xml:31:17-49
145            <meta-data
145-->[androidx.work:work-runtime:2.7.0] AndroidManifest.xml:36:13-38:52
146                android:name="androidx.work.WorkManagerInitializer"
146-->[androidx.work:work-runtime:2.7.0] AndroidManifest.xml:37:17-68
147                android:value="androidx.startup" />
147-->[androidx.work:work-runtime:2.7.0] AndroidManifest.xml:38:17-49
148            <meta-data
148-->[androidx.lifecycle:lifecycle-process:2.6.2] AndroidManifest.xml:29:13-31:52
149                android:name="androidx.lifecycle.ProcessLifecycleInitializer"
149-->[androidx.lifecycle:lifecycle-process:2.6.2] AndroidManifest.xml:30:17-78
150                android:value="androidx.startup" />
150-->[androidx.lifecycle:lifecycle-process:2.6.2] AndroidManifest.xml:31:17-49
151            <meta-data
151-->[androidx.profileinstaller:profileinstaller:1.3.0] AndroidManifest.xml:29:13-31:52
152                android:name="androidx.profileinstaller.ProfileInstallerInitializer"
152-->[androidx.profileinstaller:profileinstaller:1.3.0] AndroidManifest.xml:30:17-85
153                android:value="androidx.startup" />
153-->[androidx.profileinstaller:profileinstaller:1.3.0] AndroidManifest.xml:31:17-49
154        </provider>
155
156        <service
156-->[androidx.work:work-runtime:2.7.0] AndroidManifest.xml:41:9-46:35
157            android:name="androidx.work.impl.background.systemalarm.SystemAlarmService"
157-->[androidx.work:work-runtime:2.7.0] AndroidManifest.xml:42:13-88
158            android:directBootAware="false"
158-->[androidx.work:work-runtime:2.7.0] AndroidManifest.xml:43:13-44
159            android:enabled="@bool/enable_system_alarm_service_default"
159-->[androidx.work:work-runtime:2.7.0] AndroidManifest.xml:44:13-72
160            android:exported="false" />
160-->[androidx.work:work-runtime:2.7.0] AndroidManifest.xml:45:13-37
161        <service
161-->[androidx.work:work-runtime:2.7.0] AndroidManifest.xml:47:9-53:35
162            android:name="androidx.work.impl.background.systemjob.SystemJobService"
162-->[androidx.work:work-runtime:2.7.0] AndroidManifest.xml:48:13-84
163            android:directBootAware="false"
163-->[androidx.work:work-runtime:2.7.0] AndroidManifest.xml:49:13-44
164            android:enabled="@bool/enable_system_job_service_default"
164-->[androidx.work:work-runtime:2.7.0] AndroidManifest.xml:50:13-70
165            android:exported="true"
165-->[androidx.work:work-runtime:2.7.0] AndroidManifest.xml:51:13-36
166            android:permission="android.permission.BIND_JOB_SERVICE" />
166-->[androidx.work:work-runtime:2.7.0] AndroidManifest.xml:52:13-69
167        <service
167-->[androidx.work:work-runtime:2.7.0] AndroidManifest.xml:54:9-59:35
168            android:name="androidx.work.impl.foreground.SystemForegroundService"
168-->[androidx.work:work-runtime:2.7.0] AndroidManifest.xml:55:13-81
169            android:directBootAware="false"
169-->[androidx.work:work-runtime:2.7.0] AndroidManifest.xml:56:13-44
170            android:enabled="@bool/enable_system_foreground_service_default"
170-->[androidx.work:work-runtime:2.7.0] AndroidManifest.xml:57:13-77
171            android:exported="false" />
171-->[androidx.work:work-runtime:2.7.0] AndroidManifest.xml:58:13-37
172
173        <receiver
173-->[androidx.work:work-runtime:2.7.0] AndroidManifest.xml:61:9-66:35
174            android:name="androidx.work.impl.utils.ForceStopRunnable$BroadcastReceiver"
174-->[androidx.work:work-runtime:2.7.0] AndroidManifest.xml:62:13-88
175            android:directBootAware="false"
175-->[androidx.work:work-runtime:2.7.0] AndroidManifest.xml:63:13-44
176            android:enabled="true"
176-->[androidx.work:work-runtime:2.7.0] AndroidManifest.xml:64:13-35
177            android:exported="false" />
177-->[androidx.work:work-runtime:2.7.0] AndroidManifest.xml:65:13-37
178        <receiver
178-->[androidx.work:work-runtime:2.7.0] AndroidManifest.xml:67:9-77:20
179            android:name="androidx.work.impl.background.systemalarm.ConstraintProxy$BatteryChargingProxy"
179-->[androidx.work:work-runtime:2.7.0] AndroidManifest.xml:68:13-106
180            android:directBootAware="false"
180-->[androidx.work:work-runtime:2.7.0] AndroidManifest.xml:69:13-44
181            android:enabled="false"
181-->[androidx.work:work-runtime:2.7.0] AndroidManifest.xml:70:13-36
182            android:exported="false" >
182-->[androidx.work:work-runtime:2.7.0] AndroidManifest.xml:71:13-37
183            <intent-filter>
183-->[androidx.work:work-runtime:2.7.0] AndroidManifest.xml:73:13-76:29
184                <action android:name="android.intent.action.ACTION_POWER_CONNECTED" />
184-->[androidx.work:work-runtime:2.7.0] AndroidManifest.xml:74:17-87
184-->[androidx.work:work-runtime:2.7.0] AndroidManifest.xml:74:25-84
185                <action android:name="android.intent.action.ACTION_POWER_DISCONNECTED" />
185-->[androidx.work:work-runtime:2.7.0] AndroidManifest.xml:75:17-90
185-->[androidx.work:work-runtime:2.7.0] AndroidManifest.xml:75:25-87
186            </intent-filter>
187        </receiver>
188        <receiver
188-->[androidx.work:work-runtime:2.7.0] AndroidManifest.xml:78:9-88:20
189            android:name="androidx.work.impl.background.systemalarm.ConstraintProxy$BatteryNotLowProxy"
189-->[androidx.work:work-runtime:2.7.0] AndroidManifest.xml:79:13-104
190            android:directBootAware="false"
190-->[androidx.work:work-runtime:2.7.0] AndroidManifest.xml:80:13-44
191            android:enabled="false"
191-->[androidx.work:work-runtime:2.7.0] AndroidManifest.xml:81:13-36
192            android:exported="false" >
192-->[androidx.work:work-runtime:2.7.0] AndroidManifest.xml:82:13-37
193            <intent-filter>
193-->[androidx.work:work-runtime:2.7.0] AndroidManifest.xml:84:13-87:29
194                <action android:name="android.intent.action.BATTERY_OKAY" />
194-->[androidx.work:work-runtime:2.7.0] AndroidManifest.xml:85:17-77
194-->[androidx.work:work-runtime:2.7.0] AndroidManifest.xml:85:25-74
195                <action android:name="android.intent.action.BATTERY_LOW" />
195-->[androidx.work:work-runtime:2.7.0] AndroidManifest.xml:86:17-76
195-->[androidx.work:work-runtime:2.7.0] AndroidManifest.xml:86:25-73
196            </intent-filter>
197        </receiver>
198        <receiver
198-->[androidx.work:work-runtime:2.7.0] AndroidManifest.xml:89:9-99:20
199            android:name="androidx.work.impl.background.systemalarm.ConstraintProxy$StorageNotLowProxy"
199-->[androidx.work:work-runtime:2.7.0] AndroidManifest.xml:90:13-104
200            android:directBootAware="false"
200-->[androidx.work:work-runtime:2.7.0] AndroidManifest.xml:91:13-44
201            android:enabled="false"
201-->[androidx.work:work-runtime:2.7.0] AndroidManifest.xml:92:13-36
202            android:exported="false" >
202-->[androidx.work:work-runtime:2.7.0] AndroidManifest.xml:93:13-37
203            <intent-filter>
203-->[androidx.work:work-runtime:2.7.0] AndroidManifest.xml:95:13-98:29
204                <action android:name="android.intent.action.DEVICE_STORAGE_LOW" />
204-->[androidx.work:work-runtime:2.7.0] AndroidManifest.xml:96:17-83
204-->[androidx.work:work-runtime:2.7.0] AndroidManifest.xml:96:25-80
205                <action android:name="android.intent.action.DEVICE_STORAGE_OK" />
205-->[androidx.work:work-runtime:2.7.0] AndroidManifest.xml:97:17-82
205-->[androidx.work:work-runtime:2.7.0] AndroidManifest.xml:97:25-79
206            </intent-filter>
207        </receiver>
208        <receiver
208-->[androidx.work:work-runtime:2.7.0] AndroidManifest.xml:100:9-109:20
209            android:name="androidx.work.impl.background.systemalarm.ConstraintProxy$NetworkStateProxy"
209-->[androidx.work:work-runtime:2.7.0] AndroidManifest.xml:101:13-103
210            android:directBootAware="false"
210-->[androidx.work:work-runtime:2.7.0] AndroidManifest.xml:102:13-44
211            android:enabled="false"
211-->[androidx.work:work-runtime:2.7.0] AndroidManifest.xml:103:13-36
212            android:exported="false" >
212-->[androidx.work:work-runtime:2.7.0] AndroidManifest.xml:104:13-37
213            <intent-filter>
213-->[androidx.work:work-runtime:2.7.0] AndroidManifest.xml:106:13-108:29
214                <action android:name="android.net.conn.CONNECTIVITY_CHANGE" />
214-->[androidx.work:work-runtime:2.7.0] AndroidManifest.xml:107:17-79
214-->[androidx.work:work-runtime:2.7.0] AndroidManifest.xml:107:25-76
215            </intent-filter>
216        </receiver>
217        <receiver
217-->[androidx.work:work-runtime:2.7.0] AndroidManifest.xml:110:9-121:20
218            android:name="androidx.work.impl.background.systemalarm.RescheduleReceiver"
218-->[androidx.work:work-runtime:2.7.0] AndroidManifest.xml:111:13-88
219            android:directBootAware="false"
219-->[androidx.work:work-runtime:2.7.0] AndroidManifest.xml:112:13-44
220            android:enabled="false"
220-->[androidx.work:work-runtime:2.7.0] AndroidManifest.xml:113:13-36
221            android:exported="false" >
221-->[androidx.work:work-runtime:2.7.0] AndroidManifest.xml:114:13-37
222            <intent-filter>
222-->[androidx.work:work-runtime:2.7.0] AndroidManifest.xml:116:13-120:29
223                <action android:name="android.intent.action.BOOT_COMPLETED" />
223-->[androidx.work:work-runtime:2.7.0] AndroidManifest.xml:117:17-79
223-->[androidx.work:work-runtime:2.7.0] AndroidManifest.xml:117:25-76
224                <action android:name="android.intent.action.TIME_SET" />
224-->[androidx.work:work-runtime:2.7.0] AndroidManifest.xml:118:17-73
224-->[androidx.work:work-runtime:2.7.0] AndroidManifest.xml:118:25-70
225                <action android:name="android.intent.action.TIMEZONE_CHANGED" />
225-->[androidx.work:work-runtime:2.7.0] AndroidManifest.xml:119:17-81
225-->[androidx.work:work-runtime:2.7.0] AndroidManifest.xml:119:25-78
226            </intent-filter>
227        </receiver>
228        <receiver
228-->[androidx.work:work-runtime:2.7.0] AndroidManifest.xml:122:9-131:20
229            android:name="androidx.work.impl.background.systemalarm.ConstraintProxyUpdateReceiver"
229-->[androidx.work:work-runtime:2.7.0] AndroidManifest.xml:123:13-99
230            android:directBootAware="false"
230-->[androidx.work:work-runtime:2.7.0] AndroidManifest.xml:124:13-44
231            android:enabled="@bool/enable_system_alarm_service_default"
231-->[androidx.work:work-runtime:2.7.0] AndroidManifest.xml:125:13-72
232            android:exported="false" >
232-->[androidx.work:work-runtime:2.7.0] AndroidManifest.xml:126:13-37
233            <intent-filter>
233-->[androidx.work:work-runtime:2.7.0] AndroidManifest.xml:128:13-130:29
234                <action android:name="androidx.work.impl.background.systemalarm.UpdateProxies" />
234-->[androidx.work:work-runtime:2.7.0] AndroidManifest.xml:129:17-98
234-->[androidx.work:work-runtime:2.7.0] AndroidManifest.xml:129:25-95
235            </intent-filter>
236        </receiver>
237        <receiver
237-->[androidx.work:work-runtime:2.7.0] AndroidManifest.xml:132:9-142:20
238            android:name="androidx.work.impl.diagnostics.DiagnosticsReceiver"
238-->[androidx.work:work-runtime:2.7.0] AndroidManifest.xml:133:13-78
239            android:directBootAware="false"
239-->[androidx.work:work-runtime:2.7.0] AndroidManifest.xml:134:13-44
240            android:enabled="true"
240-->[androidx.work:work-runtime:2.7.0] AndroidManifest.xml:135:13-35
241            android:exported="true"
241-->[androidx.work:work-runtime:2.7.0] AndroidManifest.xml:136:13-36
242            android:permission="android.permission.DUMP" >
242-->[androidx.work:work-runtime:2.7.0] AndroidManifest.xml:137:13-57
243            <intent-filter>
243-->[androidx.work:work-runtime:2.7.0] AndroidManifest.xml:139:13-141:29
244                <action android:name="androidx.work.diagnostics.REQUEST_DIAGNOSTICS" />
244-->[androidx.work:work-runtime:2.7.0] AndroidManifest.xml:140:17-88
244-->[androidx.work:work-runtime:2.7.0] AndroidManifest.xml:140:25-85
245            </intent-filter>
246        </receiver>
247        <receiver
247-->[androidx.profileinstaller:profileinstaller:1.3.0] AndroidManifest.xml:34:9-52:20
248            android:name="androidx.profileinstaller.ProfileInstallReceiver"
248-->[androidx.profileinstaller:profileinstaller:1.3.0] AndroidManifest.xml:35:13-76
249            android:directBootAware="false"
249-->[androidx.profileinstaller:profileinstaller:1.3.0] AndroidManifest.xml:36:13-44
250            android:enabled="true"
250-->[androidx.profileinstaller:profileinstaller:1.3.0] AndroidManifest.xml:37:13-35
251            android:exported="true"
251-->[androidx.profileinstaller:profileinstaller:1.3.0] AndroidManifest.xml:38:13-36
252            android:permission="android.permission.DUMP" >
252-->[androidx.profileinstaller:profileinstaller:1.3.0] AndroidManifest.xml:39:13-57
253            <intent-filter>
253-->[androidx.profileinstaller:profileinstaller:1.3.0] AndroidManifest.xml:40:13-42:29
254                <action android:name="androidx.profileinstaller.action.INSTALL_PROFILE" />
254-->[androidx.profileinstaller:profileinstaller:1.3.0] AndroidManifest.xml:41:17-91
254-->[androidx.profileinstaller:profileinstaller:1.3.0] AndroidManifest.xml:41:25-88
255            </intent-filter>
256            <intent-filter>
256-->[androidx.profileinstaller:profileinstaller:1.3.0] AndroidManifest.xml:43:13-45:29
257                <action android:name="androidx.profileinstaller.action.SKIP_FILE" />
257-->[androidx.profileinstaller:profileinstaller:1.3.0] AndroidManifest.xml:44:17-85
257-->[androidx.profileinstaller:profileinstaller:1.3.0] AndroidManifest.xml:44:25-82
258            </intent-filter>
259            <intent-filter>
259-->[androidx.profileinstaller:profileinstaller:1.3.0] AndroidManifest.xml:46:13-48:29
260                <action android:name="androidx.profileinstaller.action.SAVE_PROFILE" />
260-->[androidx.profileinstaller:profileinstaller:1.3.0] AndroidManifest.xml:47:17-88
260-->[androidx.profileinstaller:profileinstaller:1.3.0] AndroidManifest.xml:47:25-85
261            </intent-filter>
262            <intent-filter>
262-->[androidx.profileinstaller:profileinstaller:1.3.0] AndroidManifest.xml:49:13-51:29
263                <action android:name="androidx.profileinstaller.action.BENCHMARK_OPERATION" />
263-->[androidx.profileinstaller:profileinstaller:1.3.0] AndroidManifest.xml:50:17-95
263-->[androidx.profileinstaller:profileinstaller:1.3.0] AndroidManifest.xml:50:25-92
264            </intent-filter>
265        </receiver>
266
267        <service
267-->[androidx.room:room-runtime:2.2.5] AndroidManifest.xml:25:9-28:40
268            android:name="androidx.room.MultiInstanceInvalidationService"
268-->[androidx.room:room-runtime:2.2.5] AndroidManifest.xml:26:13-74
269            android:directBootAware="true"
269-->[androidx.room:room-runtime:2.2.5] AndroidManifest.xml:27:13-43
270            android:exported="false" />
270-->[androidx.room:room-runtime:2.2.5] AndroidManifest.xml:28:13-37
271    </application>
272
273</manifest>